[35m[1mScanning dependencies of target std_msgs_generate_messages_eus[0m
[35m[1mScanning dependencies of target _dynamixel_sdk_examples_generate_messages_check_deps_SyncGetPosition[0m
[35m[1mScanning dependencies of target _dynamixel_sdk_examples_generate_messages_check_deps_GetVelocity[0m
[35m[1mScanning dependencies of target _dynamixel_sdk_examples_generate_messages_check_deps_Position[0m
[35m[1mScanning dependencies of target _dynamixel_sdk_examples_generate_messages_check_deps_SetVelocity[0m
[35m[1mScanning dependencies of target _dynamixel_sdk_examples_generate_messages_check_deps_SyncSetPosition[0m
[35m[1mScanning dependencies of target std_msgs_generate_messages_cpp[0m
[35m[1mScanning dependencies of target std_msgs_generate_messages_py[0m
[35m[1mScanning dependencies of target _dynamixel_sdk_examples_generate_messages_check_deps_SetPosition[0m
[35m[1mScanning dependencies of target std_msgs_generate_messages_lisp[0m
[35m[1mScanning dependencies of target _dynamixel_sdk_examples_generate_messages_check_deps_BulkGetItem[0m
[35m[1mScanning dependencies of target _dynamixel_sdk_examples_generate_messages_check_deps_GetPosition[0m
[35m[1mScanning dependencies of target _dynamixel_sdk_examples_generate_messages_check_deps_BulkSetItem[0m
[35m[1mScanning dependencies of target rosgraph_msgs_generate_messages_eus[0m
[  0%] Built target std_msgs_generate_messages_eus
[  0%] Built target std_msgs_generate_messages_lisp
[  0%] Built target std_msgs_generate_messages_cpp
[  0%] Built target std_msgs_generate_messages_py
[  0%] Built target rosgraph_msgs_generate_messages_eus
[35m[1mScanning dependencies of target rosgraph_msgs_generate_messages_cpp[0m
[35m[1mScanning dependencies of target std_msgs_generate_messages_nodejs[0m
[35m[1mScanning dependencies of target roscpp_generate_messages_nodejs[0m
[35m[1mScanning dependencies of target roscpp_generate_messages_eus[0m
[  0%] Built target rosgraph_msgs_generate_messages_cpp
[35m[1mScanning dependencies of target roscpp_generate_messages_cpp[0m
[  0%] Built target std_msgs_generate_messages_nodejs
[  0%] Built target roscpp_generate_messages_nodejs
[  0%] Built target roscpp_generate_messages_eus
[35m[1mScanning dependencies of target rosgraph_msgs_generate_messages_py[0m
[35m[1mScanning dependencies of target roscpp_generate_messages_py[0m
[  0%] Built target roscpp_generate_messages_cpp
[  0%] Built target _dynamixel_sdk_examples_generate_messages_check_deps_SyncGetPosition
[35m[1mScanning dependencies of target rosgraph_msgs_generate_messages_lisp[0m
[  0%] Built target _dynamixel_sdk_examples_generate_messages_check_deps_Position
[  0%] Built target _dynamixel_sdk_examples_generate_messages_check_deps_SetVelocity
[  0%] Built target _dynamixel_sdk_examples_generate_messages_check_deps_SetPosition
[  0%] Built target roscpp_generate_messages_py
[35m[1mScanning dependencies of target rosgraph_msgs_generate_messages_nodejs[0m
[  0%] Built target _dynamixel_sdk_examples_generate_messages_check_deps_SyncSetPosition
[  0%] Built target _dynamixel_sdk_examples_generate_messages_check_deps_GetVelocity
[  0%] Built target rosgraph_msgs_generate_messages_py
[  0%] Built target _dynamixel_sdk_examples_generate_messages_check_deps_BulkGetItem
[  0%] Built target _dynamixel_sdk_examples_generate_messages_check_deps_BulkSetItem
[  0%] Built target _dynamixel_sdk_examples_generate_messages_check_deps_GetPosition
[35m[1mScanning dependencies of target roscpp_generate_messages_lisp[0m
[  0%] Built target rosgraph_msgs_generate_messages_lisp
[  0%] Built target rosgraph_msgs_generate_messages_nodejs
[35m[1mScanning dependencies of target dynamixel_sdk_examples_generate_messages_cpp[0m
[35m[1mScanning dependencies of target dynamixel_sdk_examples_generate_messages_nodejs[0m
[35m[1mScanning dependencies of target dynamixel_sdk_examples_generate_messages_lisp[0m
[35m[1mScanning dependencies of target dynamixel_sdk_examples_generate_messages_py[0m
[35m[1mScanning dependencies of target dynamixel_sdk_examples_generate_messages_eus[0m
[  0%] Built target roscpp_generate_messages_lisp
[ 11%] [34m[1mGenerating Javascript code from dynamixel_sdk_examples/BulkSetItem.msg[0m
[ 14%] [34m[1mGenerating Python from MSG dynamixel_sdk_examples/SyncSetPosition[0m
[ 11%] [34m[1mGenerating Javascript code from dynamixel_sdk_examples/SetVelocity.msg[0m
[ 17%] [34m[1mGenerating Python from MSG dynamixel_sdk_examples/SetPosition[0m
[ 11%] [34m[1mGenerating Javascript code from dynamixel_sdk_examples/SyncSetPosition.msg[0m
[ 11%] [34m[1mGenerating C++ code from dynamixel_sdk_examples/SetVelocity.msg[0m
[ 11%] [34m[1mGenerating C++ code from dynamixel_sdk_examples/SyncSetPosition.msg[0m
[ 11%] [34m[1mGenerating Python from MSG dynamixel_sdk_examples/SetVelocity[0m
[ 17%] [34m[1mGenerating Javascript code from dynamixel_sdk_examples/SetPosition.msg[0m
[ 17%] [34m[1mGenerating C++ code from dynamixel_sdk_examples/SetPosition.msg[0m
[ 19%] [34m[1mGenerating Lisp code from dynamixel_sdk_examples/SetVelocity.msg[0m
[ 17%] [34m[1mGenerating Lisp code from dynamixel_sdk_examples/SetPosition.msg[0m
[ 20%] [34m[1mGenerating EusLisp code from dynamixel_sdk_examples/SetPosition.msg[0m
[ 22%] [34m[1mGenerating C++ code from dynamixel_sdk_examples/BulkSetItem.msg[0m
[ 24%] [34m[1mGenerating C++ code from dynamixel_sdk_examples/Position.msg[0m
[ 27%] [34m[1mGenerating Python from MSG dynamixel_sdk_examples/BulkSetItem[0m
[ 27%] [34m[1mGenerating EusLisp code from dynamixel_sdk_examples/SetVelocity.msg[0m
[ 29%] [34m[1mGenerating Lisp code from dynamixel_sdk_examples/SyncSetPosition.msg[0m
[ 30%] [34m[1mGenerating Lisp code from dynamixel_sdk_examples/BulkSetItem.msg[0m
[ 32%] [34m[1mGenerating Javascript code from dynamixel_sdk_examples/Position.msg[0m
[ 33%] [34m[1mGenerating Javascript code from dynamixel_sdk_examples/GetPosition.srv[0m
[ 35%] [34m[1mGenerating EusLisp code from dynamixel_sdk_examples/SyncSetPosition.msg[0m
[ 37%] [34m[1mGenerating Lisp code from dynamixel_sdk_examples/Position.msg[0m
[ 40%] [34m[1mGenerating Javascript code from dynamixel_sdk_examples/GetVelocity.srv[0m
[ 40%] [34m[1mGenerating Lisp code from dynamixel_sdk_examples/GetPosition.srv[0m
[ 41%] [34m[1mGenerating C++ code from dynamixel_sdk_examples/GetPosition.srv[0m
[ 43%] [34m[1mGenerating C++ code from dynamixel_sdk_examples/GetVelocity.srv[0m
[ 45%] [34m[1mGenerating Javascript code from dynamixel_sdk_examples/SyncGetPosition.srv[0m
[ 46%] [34m[1mGenerating Javascript code from dynamixel_sdk_examples/BulkGetItem.srv[0m
[ 48%] [34m[1mGenerating EusLisp code from dynamixel_sdk_examples/BulkSetItem.msg[0m
[ 50%] [34m[1mGenerating C++ code from dynamixel_sdk_examples/SyncGetPosition.srv[0m
[ 51%] [34m[1mGenerating C++ code from dynamixel_sdk_examples/BulkGetItem.srv[0m
[ 53%] [34m[1mGenerating Lisp code from dynamixel_sdk_examples/SyncGetPosition.srv[0m
[ 54%] [34m[1mGenerating Lisp code from dynamixel_sdk_examples/GetVelocity.srv[0m
[ 56%] [34m[1mGenerating Lisp code from dynamixel_sdk_examples/BulkGetItem.srv[0m
[ 58%] [34m[1mGenerating Python from MSG dynamixel_sdk_examples/Position[0m
[ 58%] Built target dynamixel_sdk_examples_generate_messages_nodejs
[ 59%] [34m[1mGenerating Python code from SRV dynamixel_sdk_examples/GetPosition[0m
[ 61%] [34m[1mGenerating Python code from SRV dynamixel_sdk_examples/GetVelocity[0m
[ 62%] [34m[1mGenerating EusLisp code from dynamixel_sdk_examples/Position.msg[0m
[ 64%] [34m[1mGenerating EusLisp code from dynamixel_sdk_examples/GetPosition.srv[0m
[ 66%] [34m[1mGenerating EusLisp code from dynamixel_sdk_examples/GetVelocity.srv[0m
[ 67%] [34m[1mGenerating Python code from SRV dynamixel_sdk_examples/SyncGetPosition[0m
[ 69%] [34m[1mGenerating Python code from SRV dynamixel_sdk_examples/BulkGetItem[0m
[ 69%] Built target dynamixel_sdk_examples_generate_messages_lisp
[ 70%] [34m[1mGenerating EusLisp code from dynamixel_sdk_examples/BulkGetItem.srv[0m
[ 72%] [34m[1mGenerating EusLisp code from dynamixel_sdk_examples/SyncGetPosition.srv[0m
[ 74%] [34m[1mGenerating EusLisp manifest code for dynamixel_sdk_examples[0m
[ 74%] Built target dynamixel_sdk_examples_generate_messages_cpp
[ 75%] [34m[1mGenerating Python msg __init__.py for dynamixel_sdk_examples[0m
[ 77%] [34m[1mGenerating Python srv __init__.py for dynamixel_sdk_examples[0m
[ 77%] Built target dynamixel_sdk_examples_generate_messages_eus
[ 77%] Built target dynamixel_sdk_examples_generate_messages_py
[35m[1mScanning dependencies of target indirect_address_node[0m
[35m[1mScanning dependencies of target bulk_read_write_node[0m
[35m[1mScanning dependencies of target read_write_node[0m
[35m[1mScanning dependencies of target dynamixel_sdk_examples_generate_messages[0m
[35m[1mScanning dependencies of target read_write_node_keyboard[0m
[35m[1mScanning dependencies of target sync_read_write_node[0m
[35m[1mScanning dependencies of target read_write_node_velocity[0m
[35m[1mScanning dependencies of target read_write_node_position[0m
[ 77%] Built target dynamixel_sdk_examples_generate_messages
[ 79%] [32mBuilding CXX object CMakeFiles/indirect_address_node.dir/src/indirect_address_node.cpp.o[0m
[ 80%] [32mBuilding CXX object CMakeFiles/read_write_node.dir/src/read_write_node.cpp.o[0m
[ 82%] [32mBuilding CXX object CMakeFiles/bulk_read_write_node.dir/src/bulk_read_write_node.cpp.o[0m
[ 83%] [32mBuilding CXX object CMakeFiles/read_write_node_keyboard.dir/src/read_write_node_keyboard.cpp.o[0m
[ 85%] [32mBuilding CXX object CMakeFiles/sync_read_write_node.dir/src/sync_read_write_node.cpp.o[0m
[ 87%] [32mBuilding CXX object CMakeFiles/read_write_node_position.dir/src/read_write_node_position.cpp.o[0m
[ 88%] [32mBuilding CXX object CMakeFiles/read_write_node_velocity.dir/src/read_write_node_velocity.cpp.o[0m
[ 90%] [32m[1mLinking CXX executable /home/netorincon/ECN-2-1-Robot/ros/devel/.private/dynamixel_sdk_examples/lib/dynamixel_sdk_examples/indirect_address_node[0m
[ 91%] [32m[1mLinking CXX executable /home/netorincon/ECN-2-1-Robot/ros/devel/.private/dynamixel_sdk_examples/lib/dynamixel_sdk_examples/bulk_read_write_node[0m
[ 93%] [32m[1mLinking CXX executable /home/netorincon/ECN-2-1-Robot/ros/devel/.private/dynamixel_sdk_examples/lib/dynamixel_sdk_examples/read_write_node_position[0m
[ 95%] [32m[1mLinking CXX executable /home/netorincon/ECN-2-1-Robot/ros/devel/.private/dynamixel_sdk_examples/lib/dynamixel_sdk_examples/read_write_node_velocity[0m
[ 95%] Built target bulk_read_write_node
[ 95%] Built target indirect_address_node
[ 96%] [32m[1mLinking CXX executable /home/netorincon/ECN-2-1-Robot/ros/devel/.private/dynamixel_sdk_examples/lib/dynamixel_sdk_examples/sync_read_write_node[0m
[ 96%] Built target read_write_node_position
[ 98%] [32m[1mLinking CXX executable /home/netorincon/ECN-2-1-Robot/ros/devel/.private/dynamixel_sdk_examples/lib/dynamixel_sdk_examples/read_write_node[0m
[100%] [32m[1mLinking CXX executable /home/netorincon/ECN-2-1-Robot/ros/devel/.private/dynamixel_sdk_examples/lib/dynamixel_sdk_examples/read_write_node_keyboard[0m
[100%] Built target read_write_node_velocity
[100%] Built target sync_read_write_node
[100%] Built target read_write_node
[100%] Built target read_write_node_keyboard
