[0.208s] DEBUG:colcon:Command line arguments: ['/usr/bin/colcon', 'build', '--symlink-install', '--continue-on-error']
[0.208s] DEBUG:colcon:Parsed command line arguments: Namespace(allow_overriding=[], ament_cmake_args=None, base_paths=['.'], build_base='build', catkin_cmake_args=None, catkin_skip_building_tests=False, cmake_args=None, cmake_clean_cache=False, cmake_clean_first=False, cmake_force_configure=False, cmake_target=None, cmake_target_skip_unavailable=False, continue_on_error=True, event_handlers=None, executor='parallel', ignore_user_meta=False, install_base='install', log_base=None, log_level=None, main=<bound method BuildVerb.main of <colcon_core.verb.build.BuildVerb object at 0x7f25b61118b0>>, merge_install=False, metas=['./colcon.meta'], packages_above=None, packages_above_and_dependencies=None, packages_above_depth=None, packages_end=None, packages_ignore=None, packages_ignore_regex=None, packages_select=None, packages_select_build_failed=False, packages_select_by_dep=None, packages_select_regex=None, packages_select_test_failures=False, packages_skip=None, packages_skip_build_finished=False, packages_skip_by_dep=None, packages_skip_regex=None, packages_skip_test_passed=False, packages_skip_up_to=None, packages_start=None, packages_up_to=None, packages_up_to_regex=None, parallel_workers=16, paths=None, symlink_install=True, test_result_base=None, verb_extension=<colcon_core.verb.build.BuildVerb object at 0x7f25b61118b0>, verb_name='build', verb_parser=<colcon_defaults.argument_parser.defaults.DefaultArgumentsDecorator object at 0x7f25b60902b0>)
[0.237s] Level 1:colcon.colcon_core.package_discovery:discover_packages(colcon_meta) check parameters
[0.237s] Level 1:colcon.colcon_core.package_discovery:discover_packages(recursive) check parameters
[0.237s] Level 1:colcon.colcon_core.package_discovery:discover_packages(ignore) check parameters
[0.237s] Level 1:colcon.colcon_core.package_discovery:discover_packages(path) check parameters
[0.237s] Level 1:colcon.colcon_core.package_discovery:discover_packages(colcon_meta) discover
[0.237s] Level 1:colcon.colcon_core.package_discovery:discover_packages(recursive) discover
[0.237s] INFO:colcon.colcon_core.package_discovery:Crawling recursively for packages in '/home/netorincon/ECN-1-2-Robot/ros2'
[0.237s] Level 1:colcon.colcon_core.package_identification:_identify(.) by extensions ['ignore', 'ignore_ament_install']
[0.238s] Level 1:colcon.colcon_core.package_identification:_identify(.) by extension 'ignore'
[0.238s] Level 1:colcon.colcon_core.package_identification:_identify(.) by extension 'ignore_ament_install'
[0.238s] Level 1:colcon.colcon_core.package_identification:_identify(.) by extensions ['colcon_pkg']
[0.238s] Level 1:colcon.colcon_core.package_identification:_identify(.) by extension 'colcon_pkg'
[0.238s] Level 1:colcon.colcon_core.package_identification:_identify(.) by extensions ['colcon_meta']
[0.238s] Level 1:colcon.colcon_core.package_identification:_identify(.) by extension 'colcon_meta'
[0.238s] Level 1:colcon.colcon_core.package_identification:_identify(.) by extensions ['ros']
[0.238s] Level 1:colcon.colcon_core.package_identification:_identify(.) by extension 'ros'
[0.248s] Level 1:colcon.colcon_core.package_identification:_identify(.) by extensions ['cmake', 'python']
[0.249s] Level 1:colcon.colcon_core.package_identification:_identify(.) by extension 'cmake'
[0.249s] Level 1:colcon.colcon_core.package_identification:_identify(.) by extension 'python'
[0.249s] Level 1:colcon.colcon_core.package_identification:_identify(.) by extensions ['python_setup_py']
[0.249s] Level 1:colcon.colcon_core.package_identification:_identify(.) by extension 'python_setup_py'
[0.249s] Level 1:colcon.colcon_core.package_identification:_identify(build) by extensions ['ignore', 'ignore_ament_install']
[0.249s] Level 1:colcon.colcon_core.package_identification:_identify(build) by extension 'ignore'
[0.249s] Level 1:colcon.colcon_core.package_identification:_identify(build) ignored
[0.249s] Level 1:colcon.colcon_core.package_identification:_identify(install) by extensions ['ignore', 'ignore_ament_install']
[0.249s] Level 1:colcon.colcon_core.package_identification:_identify(install) by extension 'ignore'
[0.249s] Level 1:colcon.colcon_core.package_identification:_identify(install) ignored
[0.249s] Level 1:colcon.colcon_core.package_identification:_identify(log) by extensions ['ignore', 'ignore_ament_install']
[0.249s] Level 1:colcon.colcon_core.package_identification:_identify(log) by extension 'ignore'
[0.249s] Level 1:colcon.colcon_core.package_identification:_identify(log) ignored
[0.249s] Level 1:colcon.colcon_core.package_identification:_identify(src) by extensions ['ignore', 'ignore_ament_install']
[0.249s] Level 1:colcon.colcon_core.package_identification:_identify(src) by extension 'ignore'
[0.249s] Level 1:colcon.colcon_core.package_identification:_identify(src) by extension 'ignore_ament_install'
[0.249s] Level 1:colcon.colcon_core.package_identification:_identify(src) by extensions ['colcon_pkg']
[0.249s] Level 1:colcon.colcon_core.package_identification:_identify(src) by extension 'colcon_pkg'
[0.249s] Level 1:colcon.colcon_core.package_identification:_identify(src) by extensions ['colcon_meta']
[0.249s] Level 1:colcon.colcon_core.package_identification:_identify(src) by extension 'colcon_meta'
[0.249s] Level 1:colcon.colcon_core.package_identification:_identify(src) by extensions ['ros']
[0.249s] Level 1:colcon.colcon_core.package_identification:_identify(src) by extension 'ros'
[0.250s] Level 1:colcon.colcon_core.package_identification:_identify(src) by extensions ['cmake', 'python']
[0.250s] Level 1:colcon.colcon_core.package_identification:_identify(src) by extension 'cmake'
[0.250s] Level 1:colcon.colcon_core.package_identification:_identify(src) by extension 'python'
[0.250s] Level 1:colcon.colcon_core.package_identification:_identify(src) by extensions ['python_setup_py']
[0.250s] Level 1:colcon.colcon_core.package_identification:_identify(src) by extension 'python_setup_py'
[0.250s] Level 1:colcon.colcon_core.package_identification:_identify(src/1-2-robot) by extensions ['ignore', 'ignore_ament_install']
[0.250s] Level 1:colcon.colcon_core.package_identification:_identify(src/1-2-robot) by extension 'ignore'
[0.250s] Level 1:colcon.colcon_core.package_identification:_identify(src/1-2-robot) by extension 'ignore_ament_install'
[0.250s] Level 1:colcon.colcon_core.package_identification:_identify(src/1-2-robot) by extensions ['colcon_pkg']
[0.250s] Level 1:colcon.colcon_core.package_identification:_identify(src/1-2-robot) by extension 'colcon_pkg'
[0.250s] Level 1:colcon.colcon_core.package_identification:_identify(src/1-2-robot) by extensions ['colcon_meta']
[0.250s] Level 1:colcon.colcon_core.package_identification:_identify(src/1-2-robot) by extension 'colcon_meta'
[0.250s] Level 1:colcon.colcon_core.package_identification:_identify(src/1-2-robot) by extensions ['ros']
[0.250s] Level 1:colcon.colcon_core.package_identification:_identify(src/1-2-robot) by extension 'ros'
[0.252s] DEBUG:colcon.colcon_core.package_identification:Package 'src/1-2-robot' with type 'ros.ament_cmake' and name 'mobile_robot'
[0.252s] Level 1:colcon.colcon_core.package_discovery:discover_packages(recursive) using defaults
[0.252s] Level 1:colcon.colcon_core.package_discovery:discover_packages(ignore) discover
[0.252s] Level 1:colcon.colcon_core.package_discovery:discover_packages(ignore) using defaults
[0.252s] Level 1:colcon.colcon_core.package_discovery:discover_packages(path) discover
[0.252s] Level 1:colcon.colcon_core.package_discovery:discover_packages(path) using defaults
[0.272s] Level 1:colcon.colcon_core.package_discovery:discover_packages(prefix_path) check parameters
[0.272s] Level 1:colcon.colcon_core.package_discovery:discover_packages(prefix_path) discover
[0.274s] DEBUG:colcon.colcon_installed_package_information.package_discovery:Found 0 installed packages in /home/netorincon/ros2/install
[0.275s] DEBUG:colcon.colcon_installed_package_information.package_discovery:Found 256 installed packages in /opt/ros/foxy
[0.276s] Level 1:colcon.colcon_core.package_discovery:discover_packages(prefix_path) using defaults
[0.310s] Level 5:colcon.colcon_core.verb:set package 'mobile_robot' build argument 'cmake_args' from command line to 'None'
[0.310s] Level 5:colcon.colcon_core.verb:set package 'mobile_robot' build argument 'cmake_target' from command line to 'None'
[0.310s] Level 5:colcon.colcon_core.verb:set package 'mobile_robot' build argument 'cmake_target_skip_unavailable' from command line to 'False'
[0.310s] Level 5:colcon.colcon_core.verb:set package 'mobile_robot' build argument 'cmake_clean_cache' from command line to 'False'
[0.310s] Level 5:colcon.colcon_core.verb:set package 'mobile_robot' build argument 'cmake_clean_first' from command line to 'False'
[0.310s] Level 5:colcon.colcon_core.verb:set package 'mobile_robot' build argument 'cmake_force_configure' from command line to 'False'
[0.310s] Level 5:colcon.colcon_core.verb:set package 'mobile_robot' build argument 'ament_cmake_args' from command line to 'None'
[0.310s] Level 5:colcon.colcon_core.verb:set package 'mobile_robot' build argument 'catkin_cmake_args' from command line to 'None'
[0.310s] Level 5:colcon.colcon_core.verb:set package 'mobile_robot' build argument 'catkin_skip_building_tests' from command line to 'False'
[0.310s] DEBUG:colcon.colcon_core.verb:Building package 'mobile_robot' with the following arguments: {'ament_cmake_args': None, 'build_base': '/home/netorincon/ECN-1-2-Robot/ros2/build/mobile_robot', 'catkin_cmake_args': None, 'catkin_skip_building_tests': False, 'cmake_args': None, 'cmake_clean_cache': False, 'cmake_clean_first': False, 'cmake_force_configure': False, 'cmake_target': None, 'cmake_target_skip_unavailable': False, 'install_base': '/home/netorincon/ECN-1-2-Robot/ros2/install/mobile_robot', 'merge_install': False, 'path': '/home/netorincon/ECN-1-2-Robot/ros2/src/1-2-robot', 'symlink_install': True, 'test_result_base': None}
[0.310s] INFO:colcon.colcon_core.executor:Executing jobs using 'parallel' executor
[0.313s] DEBUG:colcon.colcon_parallel_executor.executor.parallel:run_until_complete
[0.314s] INFO:colcon.colcon_ros.task.ament_cmake.build:Building ROS package in '/home/netorincon/ECN-1-2-Robot/ros2/src/1-2-robot' with build type 'ament_cmake'
[0.314s] INFO:colcon.colcon_cmake.task.cmake.build:Building CMake package in '/home/netorincon/ECN-1-2-Robot/ros2/src/1-2-robot'
[0.331s] INFO:colcon.colcon_core.plugin_system:Skipping extension 'colcon_core.shell.bat': Not used on non-Windows systems
[0.331s] INFO:colcon.colcon_core.shell:Skip shell extension 'powershell' for command environment: Not usable outside of PowerShell
[0.331s] DEBUG:colcon.colcon_core.shell:Skip shell extension 'dsv' for command environment
[0.342s] DEBUG:colcon.colcon_core.event_handler.log_command:Invoking command in '/home/netorincon/ECN-1-2-Robot/ros2/build/mobile_robot': CMAKE_PREFIX_PATH=/opt/ros/foxy PS1=\[\e[38;5;166m\][ROS2\[\e[38;5;166m\]]\[\e[0m\] \e[1;34m\w\e[0m$ PS1_ori=\e[1;34m\w\e[0m$ /usr/bin/cmake /home/netorincon/ECN-1-2-Robot/ros2/src/1-2-robot -DAMENT_CMAKE_SYMLINK_INSTALL=1 -DCMAKE_INSTALL_PREFIX=/home/netorincon/ECN-1-2-Robot/ros2/install/mobile_robot
[2.281s] DEBUG:colcon.colcon_core.event_handler.log_command:Invoked command in '/home/netorincon/ECN-1-2-Robot/ros2/build/mobile_robot' returned '0': CMAKE_PREFIX_PATH=/opt/ros/foxy PS1=\[\e[38;5;166m\][ROS2\[\e[38;5;166m\]]\[\e[0m\] \e[1;34m\w\e[0m$ PS1_ori=\e[1;34m\w\e[0m$ /usr/bin/cmake /home/netorincon/ECN-1-2-Robot/ros2/src/1-2-robot -DAMENT_CMAKE_SYMLINK_INSTALL=1 -DCMAKE_INSTALL_PREFIX=/home/netorincon/ECN-1-2-Robot/ros2/install/mobile_robot
[2.282s] DEBUG:colcon.colcon_core.event_handler.log_command:Invoking command in '/home/netorincon/ECN-1-2-Robot/ros2/build/mobile_robot': CMAKE_PREFIX_PATH=/opt/ros/foxy PS1=\[\e[38;5;166m\][ROS2\[\e[38;5;166m\]]\[\e[0m\] \e[1;34m\w\e[0m$ PS1_ori=\e[1;34m\w\e[0m$ /usr/bin/cmake --build /home/netorincon/ECN-1-2-Robot/ros2/build/mobile_robot -- -j16 -l16
[6.889s] DEBUG:colcon.colcon_core.event_handler.log_command:Invoked command in '/home/netorincon/ECN-1-2-Robot/ros2/build/mobile_robot' returned '0': CMAKE_PREFIX_PATH=/opt/ros/foxy PS1=\[\e[38;5;166m\][ROS2\[\e[38;5;166m\]]\[\e[0m\] \e[1;34m\w\e[0m$ PS1_ori=\e[1;34m\w\e[0m$ /usr/bin/cmake --build /home/netorincon/ECN-1-2-Robot/ros2/build/mobile_robot -- -j16 -l16
[6.948s] DEBUG:colcon.colcon_core.event_handler.log_command:Invoking command in '/home/netorincon/ECN-1-2-Robot/ros2/build/mobile_robot': CMAKE_PREFIX_PATH=/opt/ros/foxy PS1=\[\e[38;5;166m\][ROS2\[\e[38;5;166m\]]\[\e[0m\] \e[1;34m\w\e[0m$ PS1_ori=\e[1;34m\w\e[0m$ /usr/bin/cmake --install /home/netorincon/ECN-1-2-Robot/ros2/build/mobile_robot
[7.239s] Level 1:colcon.colcon_core.environment:create_environment_scripts_only(mobile_robot)
[7.240s] DEBUG:colcon.colcon_core.event_handler.log_command:Invoked command in '/home/netorincon/ECN-1-2-Robot/ros2/build/mobile_robot' returned '0': CMAKE_PREFIX_PATH=/opt/ros/foxy PS1=\[\e[38;5;166m\][ROS2\[\e[38;5;166m\]]\[\e[0m\] \e[1;34m\w\e[0m$ PS1_ori=\e[1;34m\w\e[0m$ /usr/bin/cmake --install /home/netorincon/ECN-1-2-Robot/ros2/build/mobile_robot
[7.248s] Level 1:colcon.colcon_core.environment:checking '/home/netorincon/ECN-1-2-Robot/ros2/install/mobile_robot' for CMake module files
[7.248s] Level 1:colcon.colcon_core.environment:checking '/home/netorincon/ECN-1-2-Robot/ros2/install/mobile_robot' for CMake config files
[7.249s] Level 1:colcon.colcon_core.shell:create_environment_hook('mobile_robot', 'cmake_prefix_path')
[7.250s] INFO:colcon.colcon_core.shell:Creating environment hook '/home/netorincon/ECN-1-2-Robot/ros2/install/mobile_robot/share/mobile_robot/hook/cmake_prefix_path.ps1'
[7.250s] INFO:colcon.colcon_core.shell:Creating environment descriptor '/home/netorincon/ECN-1-2-Robot/ros2/install/mobile_robot/share/mobile_robot/hook/cmake_prefix_path.dsv'
[7.250s] INFO:colcon.colcon_core.shell:Creating environment hook '/home/netorincon/ECN-1-2-Robot/ros2/install/mobile_robot/share/mobile_robot/hook/cmake_prefix_path.sh'
[7.251s] Level 1:colcon.colcon_core.environment:checking '/home/netorincon/ECN-1-2-Robot/ros2/install/mobile_robot/lib'
[7.251s] Level 1:colcon.colcon_core.environment:checking '/home/netorincon/ECN-1-2-Robot/ros2/install/mobile_robot/bin'
[7.251s] Level 1:colcon.colcon_core.environment:checking '/home/netorincon/ECN-1-2-Robot/ros2/install/mobile_robot/lib/pkgconfig/mobile_robot.pc'
[7.251s] Level 1:colcon.colcon_core.environment:checking '/home/netorincon/ECN-1-2-Robot/ros2/install/mobile_robot/lib/python3.8/site-packages'
[7.252s] Level 1:colcon.colcon_core.environment:checking '/home/netorincon/ECN-1-2-Robot/ros2/install/mobile_robot/bin'
[7.253s] INFO:colcon.colcon_core.shell:Creating package script '/home/netorincon/ECN-1-2-Robot/ros2/install/mobile_robot/share/mobile_robot/package.ps1'
[7.253s] INFO:colcon.colcon_core.shell:Creating package descriptor '/home/netorincon/ECN-1-2-Robot/ros2/install/mobile_robot/share/mobile_robot/package.dsv'
[7.254s] INFO:colcon.colcon_core.shell:Creating package script '/home/netorincon/ECN-1-2-Robot/ros2/install/mobile_robot/share/mobile_robot/package.sh'
[7.254s] INFO:colcon.colcon_core.shell:Creating package script '/home/netorincon/ECN-1-2-Robot/ros2/install/mobile_robot/share/mobile_robot/package.bash'
[7.255s] INFO:colcon.colcon_core.shell:Creating package script '/home/netorincon/ECN-1-2-Robot/ros2/install/mobile_robot/share/mobile_robot/package.zsh'
[7.255s] Level 1:colcon.colcon_core.environment:create_file_with_runtime_dependencies(/home/netorincon/ECN-1-2-Robot/ros2/install/mobile_robot/share/colcon-core/packages/mobile_robot)
[7.290s] Level 1:colcon.colcon_core.environment:create_environment_scripts_only(mobile_robot)
[7.294s] Level 1:colcon.colcon_core.environment:checking '/home/netorincon/ECN-1-2-Robot/ros2/install/mobile_robot' for CMake module files
[7.295s] Level 1:colcon.colcon_core.environment:checking '/home/netorincon/ECN-1-2-Robot/ros2/install/mobile_robot' for CMake config files
[7.295s] Level 1:colcon.colcon_core.shell:create_environment_hook('mobile_robot', 'cmake_prefix_path')
[7.298s] INFO:colcon.colcon_core.shell:Creating environment hook '/home/netorincon/ECN-1-2-Robot/ros2/install/mobile_robot/share/mobile_robot/hook/cmake_prefix_path.ps1'
[7.299s] INFO:colcon.colcon_core.shell:Creating environment descriptor '/home/netorincon/ECN-1-2-Robot/ros2/install/mobile_robot/share/mobile_robot/hook/cmake_prefix_path.dsv'
[7.299s] INFO:colcon.colcon_core.shell:Creating environment hook '/home/netorincon/ECN-1-2-Robot/ros2/install/mobile_robot/share/mobile_robot/hook/cmake_prefix_path.sh'
[7.300s] Level 1:colcon.colcon_core.environment:checking '/home/netorincon/ECN-1-2-Robot/ros2/install/mobile_robot/lib'
[7.300s] Level 1:colcon.colcon_core.environment:checking '/home/netorincon/ECN-1-2-Robot/ros2/install/mobile_robot/bin'
[7.300s] Level 1:colcon.colcon_core.environment:checking '/home/netorincon/ECN-1-2-Robot/ros2/install/mobile_robot/lib/pkgconfig/mobile_robot.pc'
[7.300s] Level 1:colcon.colcon_core.environment:checking '/home/netorincon/ECN-1-2-Robot/ros2/install/mobile_robot/lib/python3.8/site-packages'
[7.300s] Level 1:colcon.colcon_core.environment:checking '/home/netorincon/ECN-1-2-Robot/ros2/install/mobile_robot/bin'
[7.301s] INFO:colcon.colcon_core.shell:Creating package script '/home/netorincon/ECN-1-2-Robot/ros2/install/mobile_robot/share/mobile_robot/package.ps1'
[7.302s] INFO:colcon.colcon_core.shell:Creating package descriptor '/home/netorincon/ECN-1-2-Robot/ros2/install/mobile_robot/share/mobile_robot/package.dsv'
[7.302s] INFO:colcon.colcon_core.shell:Creating package script '/home/netorincon/ECN-1-2-Robot/ros2/install/mobile_robot/share/mobile_robot/package.sh'
[7.302s] INFO:colcon.colcon_core.shell:Creating package script '/home/netorincon/ECN-1-2-Robot/ros2/install/mobile_robot/share/mobile_robot/package.bash'
[7.302s] INFO:colcon.colcon_core.shell:Creating package script '/home/netorincon/ECN-1-2-Robot/ros2/install/mobile_robot/share/mobile_robot/package.zsh'
[7.303s] Level 1:colcon.colcon_core.environment:create_file_with_runtime_dependencies(/home/netorincon/ECN-1-2-Robot/ros2/install/mobile_robot/share/colcon-core/packages/mobile_robot)
[7.303s] DEBUG:colcon.colcon_parallel_executor.executor.parallel:closing loop
[7.303s] DEBUG:colcon.colcon_parallel_executor.executor.parallel:loop closed
[7.303s] DEBUG:colcon.colcon_parallel_executor.executor.parallel:run_until_complete finished with '0'
[7.303s] DEBUG:colcon.colcon_core.event_reactor:joining thread
[7.307s] INFO:colcon.colcon_core.plugin_system:Skipping extension 'colcon_notification.desktop_notification.terminal_notifier': Not used on non-Darwin systems
[7.307s] INFO:colcon.colcon_core.plugin_system:Skipping extension 'colcon_notification.desktop_notification.win32': Not used on non-Windows systems
[7.307s] INFO:colcon.colcon_notification.desktop_notification:Sending desktop notification using 'notify2'
[7.329s] DEBUG:colcon.colcon_core.event_reactor:joined thread
[7.333s] INFO:colcon.colcon_core.shell:Creating prefix script '/home/netorincon/ECN-1-2-Robot/ros2/install/local_setup.ps1'
[7.334s] INFO:colcon.colcon_core.shell:Creating prefix util module '/home/netorincon/ECN-1-2-Robot/ros2/install/_local_setup_util_ps1.py'
[7.336s] INFO:colcon.colcon_core.shell:Creating prefix chain script '/home/netorincon/ECN-1-2-Robot/ros2/install/setup.ps1'
[7.339s] INFO:colcon.colcon_core.shell:Creating prefix script '/home/netorincon/ECN-1-2-Robot/ros2/install/local_setup.sh'
[7.340s] INFO:colcon.colcon_core.shell:Creating prefix util module '/home/netorincon/ECN-1-2-Robot/ros2/install/_local_setup_util_sh.py'
[7.341s] INFO:colcon.colcon_core.shell:Creating prefix chain script '/home/netorincon/ECN-1-2-Robot/ros2/install/setup.sh'
[7.343s] INFO:colcon.colcon_core.shell:Creating prefix script '/home/netorincon/ECN-1-2-Robot/ros2/install/local_setup.bash'
[7.344s] INFO:colcon.colcon_core.shell:Creating prefix chain script '/home/netorincon/ECN-1-2-Robot/ros2/install/setup.bash'
[7.345s] INFO:colcon.colcon_core.shell:Creating prefix script '/home/netorincon/ECN-1-2-Robot/ros2/install/local_setup.zsh'
[7.345s] INFO:colcon.colcon_core.shell:Creating prefix chain script '/home/netorincon/ECN-1-2-Robot/ros2/install/setup.zsh'
