[0.206s] DEBUG:colcon:Command line arguments: ['/usr/bin/colcon', 'build', '--symlink-install', '--continue-on-error']
[0.207s] DEBUG:colcon:Parsed command line arguments: Namespace(allow_overriding=[], ament_cmake_args=None, base_paths=['.'], build_base='build', catkin_cmake_args=None, catkin_skip_building_tests=False, cmake_args=None, cmake_clean_cache=False, cmake_clean_first=False, cmake_force_configure=False, cmake_target=None, cmake_target_skip_unavailable=False, continue_on_error=True, event_handlers=None, executor='parallel', ignore_user_meta=False, install_base='install', log_base=None, log_level=None, main=<bound method BuildVerb.main of <colcon_core.verb.build.BuildVerb object at 0x7fdd890b92e0>>, merge_install=False, metas=['./colcon.meta'], packages_above=None, packages_above_and_dependencies=None, packages_above_depth=None, packages_end=None, packages_ignore=None, packages_ignore_regex=None, packages_select=None, packages_select_build_failed=False, packages_select_by_dep=None, packages_select_regex=None, packages_select_test_failures=False, packages_skip=None, packages_skip_build_finished=False, packages_skip_by_dep=None, packages_skip_regex=None, packages_skip_test_passed=False, packages_skip_up_to=None, packages_start=None, packages_up_to=None, packages_up_to_regex=None, parallel_workers=16, paths=None, symlink_install=True, test_result_base=None, verb_extension=<colcon_core.verb.build.BuildVerb object at 0x7fdd890b92e0>, verb_name='build', verb_parser=<colcon_defaults.argument_parser.defaults.DefaultArgumentsDecorator object at 0x7fdd89080eb0>)
[0.237s] Level 1:colcon.colcon_core.package_discovery:discover_packages(colcon_meta) check parameters
[0.237s] Level 1:colcon.colcon_core.package_discovery:discover_packages(recursive) check parameters
[0.237s] Level 1:colcon.colcon_core.package_discovery:discover_packages(ignore) check parameters
[0.237s] Level 1:colcon.colcon_core.package_discovery:discover_packages(path) check parameters
[0.237s] Level 1:colcon.colcon_core.package_discovery:discover_packages(colcon_meta) discover
[0.237s] Level 1:colcon.colcon_core.package_discovery:discover_packages(recursive) discover
[0.237s] INFO:colcon.colcon_core.package_discovery:Crawling recursively for packages in '/home/netorincon/ECN-1-2-Robot/ros2'
[0.237s] Level 1:colcon.colcon_core.package_identification:_identify(.) by extensions ['ignore', 'ignore_ament_install']
[0.237s] Level 1:colcon.colcon_core.package_identification:_identify(.) by extension 'ignore'
[0.237s] Level 1:colcon.colcon_core.package_identification:_identify(.) by extension 'ignore_ament_install'
[0.237s] Level 1:colcon.colcon_core.package_identification:_identify(.) by extensions ['colcon_pkg']
[0.237s] Level 1:colcon.colcon_core.package_identification:_identify(.) by extension 'colcon_pkg'
[0.237s] Level 1:colcon.colcon_core.package_identification:_identify(.) by extensions ['colcon_meta']
[0.237s] Level 1:colcon.colcon_core.package_identification:_identify(.) by extension 'colcon_meta'
[0.237s] Level 1:colcon.colcon_core.package_identification:_identify(.) by extensions ['ros']
[0.237s] Level 1:colcon.colcon_core.package_identification:_identify(.) by extension 'ros'
[0.248s] Level 1:colcon.colcon_core.package_identification:_identify(.) by extensions ['cmake', 'python']
[0.248s] Level 1:colcon.colcon_core.package_identification:_identify(.) by extension 'cmake'
[0.248s] Level 1:colcon.colcon_core.package_identification:_identify(.) by extension 'python'
[0.248s] Level 1:colcon.colcon_core.package_identification:_identify(.) by extensions ['python_setup_py']
[0.248s] Level 1:colcon.colcon_core.package_identification:_identify(.) by extension 'python_setup_py'
[0.248s] Level 1:colcon.colcon_core.package_identification:_identify(build) by extensions ['ignore', 'ignore_ament_install']
[0.249s] Level 1:colcon.colcon_core.package_identification:_identify(build) by extension 'ignore'
[0.249s] Level 1:colcon.colcon_core.package_identification:_identify(build) ignored
[0.249s] Level 1:colcon.colcon_core.package_identification:_identify(install) by extensions ['ignore', 'ignore_ament_install']
[0.249s] Level 1:colcon.colcon_core.package_identification:_identify(install) by extension 'ignore'
[0.249s] Level 1:colcon.colcon_core.package_identification:_identify(install) ignored
[0.249s] Level 1:colcon.colcon_core.package_identification:_identify(log) by extensions ['ignore', 'ignore_ament_install']
[0.249s] Level 1:colcon.colcon_core.package_identification:_identify(log) by extension 'ignore'
[0.249s] Level 1:colcon.colcon_core.package_identification:_identify(log) ignored
[0.249s] Level 1:colcon.colcon_core.package_identification:_identify(src) by extensions ['ignore', 'ignore_ament_install']
[0.249s] Level 1:colcon.colcon_core.package_identification:_identify(src) by extension 'ignore'
[0.249s] Level 1:colcon.colcon_core.package_identification:_identify(src) by extension 'ignore_ament_install'
[0.249s] Level 1:colcon.colcon_core.package_identification:_identify(src) by extensions ['colcon_pkg']
[0.249s] Level 1:colcon.colcon_core.package_identification:_identify(src) by extension 'colcon_pkg'
[0.249s] Level 1:colcon.colcon_core.package_identification:_identify(src) by extensions ['colcon_meta']
[0.249s] Level 1:colcon.colcon_core.package_identification:_identify(src) by extension 'colcon_meta'
[0.249s] Level 1:colcon.colcon_core.package_identification:_identify(src) by extensions ['ros']
[0.249s] Level 1:colcon.colcon_core.package_identification:_identify(src) by extension 'ros'
[0.249s] Level 1:colcon.colcon_core.package_identification:_identify(src) by extensions ['cmake', 'python']
[0.249s] Level 1:colcon.colcon_core.package_identification:_identify(src) by extension 'cmake'
[0.249s] Level 1:colcon.colcon_core.package_identification:_identify(src) by extension 'python'
[0.249s] Level 1:colcon.colcon_core.package_identification:_identify(src) by extensions ['python_setup_py']
[0.249s] Level 1:colcon.colcon_core.package_identification:_identify(src) by extension 'python_setup_py'
[0.249s] Level 1:colcon.colcon_core.package_identification:_identify(src/1-2-robot_sim) by extensions ['ignore', 'ignore_ament_install']
[0.250s] Level 1:colcon.colcon_core.package_identification:_identify(src/1-2-robot_sim) by extension 'ignore'
[0.250s] Level 1:colcon.colcon_core.package_identification:_identify(src/1-2-robot_sim) by extension 'ignore_ament_install'
[0.250s] Level 1:colcon.colcon_core.package_identification:_identify(src/1-2-robot_sim) by extensions ['colcon_pkg']
[0.250s] Level 1:colcon.colcon_core.package_identification:_identify(src/1-2-robot_sim) by extension 'colcon_pkg'
[0.250s] Level 1:colcon.colcon_core.package_identification:_identify(src/1-2-robot_sim) by extensions ['colcon_meta']
[0.250s] Level 1:colcon.colcon_core.package_identification:_identify(src/1-2-robot_sim) by extension 'colcon_meta'
[0.250s] Level 1:colcon.colcon_core.package_identification:_identify(src/1-2-robot_sim) by extensions ['ros']
[0.250s] Level 1:colcon.colcon_core.package_identification:_identify(src/1-2-robot_sim) by extension 'ros'
[0.252s] DEBUG:colcon.colcon_core.package_identification:Package 'src/1-2-robot_sim' with type 'ros.ament_cmake' and name 'ecn_project'
[0.252s] Level 1:colcon.colcon_core.package_discovery:discover_packages(recursive) using defaults
[0.252s] Level 1:colcon.colcon_core.package_discovery:discover_packages(ignore) discover
[0.252s] Level 1:colcon.colcon_core.package_discovery:discover_packages(ignore) using defaults
[0.252s] Level 1:colcon.colcon_core.package_discovery:discover_packages(path) discover
[0.252s] Level 1:colcon.colcon_core.package_discovery:discover_packages(path) using defaults
[0.272s] Level 1:colcon.colcon_core.package_discovery:discover_packages(prefix_path) check parameters
[0.272s] Level 1:colcon.colcon_core.package_discovery:discover_packages(prefix_path) discover
[0.274s] DEBUG:colcon.colcon_installed_package_information.package_discovery:Found 0 installed packages in /home/netorincon/ros2/install
[0.275s] DEBUG:colcon.colcon_installed_package_information.package_discovery:Found 256 installed packages in /opt/ros/foxy
[0.276s] Level 1:colcon.colcon_core.package_discovery:discover_packages(prefix_path) using defaults
[0.307s] Level 5:colcon.colcon_core.verb:set package 'ecn_project' build argument 'cmake_args' from command line to 'None'
[0.308s] Level 5:colcon.colcon_core.verb:set package 'ecn_project' build argument 'cmake_target' from command line to 'None'
[0.308s] Level 5:colcon.colcon_core.verb:set package 'ecn_project' build argument 'cmake_target_skip_unavailable' from command line to 'False'
[0.308s] Level 5:colcon.colcon_core.verb:set package 'ecn_project' build argument 'cmake_clean_cache' from command line to 'False'
[0.308s] Level 5:colcon.colcon_core.verb:set package 'ecn_project' build argument 'cmake_clean_first' from command line to 'False'
[0.308s] Level 5:colcon.colcon_core.verb:set package 'ecn_project' build argument 'cmake_force_configure' from command line to 'False'
[0.308s] Level 5:colcon.colcon_core.verb:set package 'ecn_project' build argument 'ament_cmake_args' from command line to 'None'
[0.308s] Level 5:colcon.colcon_core.verb:set package 'ecn_project' build argument 'catkin_cmake_args' from command line to 'None'
[0.308s] Level 5:colcon.colcon_core.verb:set package 'ecn_project' build argument 'catkin_skip_building_tests' from command line to 'False'
[0.308s] DEBUG:colcon.colcon_core.verb:Building package 'ecn_project' with the following arguments: {'ament_cmake_args': None, 'build_base': '/home/netorincon/ECN-1-2-Robot/ros2/build/ecn_project', 'catkin_cmake_args': None, 'catkin_skip_building_tests': False, 'cmake_args': None, 'cmake_clean_cache': False, 'cmake_clean_first': False, 'cmake_force_configure': False, 'cmake_target': None, 'cmake_target_skip_unavailable': False, 'install_base': '/home/netorincon/ECN-1-2-Robot/ros2/install/ecn_project', 'merge_install': False, 'path': '/home/netorincon/ECN-1-2-Robot/ros2/src/1-2-robot_sim', 'symlink_install': True, 'test_result_base': None}
[0.308s] INFO:colcon.colcon_core.executor:Executing jobs using 'parallel' executor
[0.312s] DEBUG:colcon.colcon_parallel_executor.executor.parallel:run_until_complete
[0.313s] INFO:colcon.colcon_ros.task.ament_cmake.build:Building ROS package in '/home/netorincon/ECN-1-2-Robot/ros2/src/1-2-robot_sim' with build type 'ament_cmake'
[0.313s] INFO:colcon.colcon_cmake.task.cmake.build:Building CMake package in '/home/netorincon/ECN-1-2-Robot/ros2/src/1-2-robot_sim'
[0.328s] INFO:colcon.colcon_core.plugin_system:Skipping extension 'colcon_core.shell.bat': Not used on non-Windows systems
[0.328s] INFO:colcon.colcon_core.shell:Skip shell extension 'powershell' for command environment: Not usable outside of PowerShell
[0.328s] DEBUG:colcon.colcon_core.shell:Skip shell extension 'dsv' for command environment
[0.343s] DEBUG:colcon.colcon_core.event_handler.log_command:Invoking command in '/home/netorincon/ECN-1-2-Robot/ros2/build/ecn_project': CMAKE_PREFIX_PATH=/opt/ros/foxy PS1=\[\e[38;5;166m\][ROS2\[\e[38;5;166m\]]\[\e[0m\] \e[1;34m\w\e[0m$ PS1_ori=\e[1;34m\w\e[0m$ /usr/bin/cmake --build /home/netorincon/ECN-1-2-Robot/ros2/build/ecn_project -- -j16 -l16
[5.976s] DEBUG:colcon.colcon_core.event_handler.log_command:Invoked command in '/home/netorincon/ECN-1-2-Robot/ros2/build/ecn_project' returned '0': CMAKE_PREFIX_PATH=/opt/ros/foxy PS1=\[\e[38;5;166m\][ROS2\[\e[38;5;166m\]]\[\e[0m\] \e[1;34m\w\e[0m$ PS1_ori=\e[1;34m\w\e[0m$ /usr/bin/cmake --build /home/netorincon/ECN-1-2-Robot/ros2/build/ecn_project -- -j16 -l16
[6.020s] DEBUG:colcon.colcon_core.event_handler.log_command:Invoking command in '/home/netorincon/ECN-1-2-Robot/ros2/build/ecn_project': CMAKE_PREFIX_PATH=/opt/ros/foxy PS1=\[\e[38;5;166m\][ROS2\[\e[38;5;166m\]]\[\e[0m\] \e[1;34m\w\e[0m$ PS1_ori=\e[1;34m\w\e[0m$ /usr/bin/cmake --install /home/netorincon/ECN-1-2-Robot/ros2/build/ecn_project
[6.055s] Level 1:colcon.colcon_core.environment:create_environment_scripts_only(ecn_project)
[6.056s] DEBUG:colcon.colcon_core.event_handler.log_command:Invoked command in '/home/netorincon/ECN-1-2-Robot/ros2/build/ecn_project' returned '0': CMAKE_PREFIX_PATH=/opt/ros/foxy PS1=\[\e[38;5;166m\][ROS2\[\e[38;5;166m\]]\[\e[0m\] \e[1;34m\w\e[0m$ PS1_ori=\e[1;34m\w\e[0m$ /usr/bin/cmake --install /home/netorincon/ECN-1-2-Robot/ros2/build/ecn_project
[6.066s] Level 1:colcon.colcon_core.environment:checking '/home/netorincon/ECN-1-2-Robot/ros2/install/ecn_project' for CMake module files
[6.067s] Level 1:colcon.colcon_core.environment:checking '/home/netorincon/ECN-1-2-Robot/ros2/install/ecn_project' for CMake config files
[6.067s] Level 1:colcon.colcon_core.shell:create_environment_hook('ecn_project', 'cmake_prefix_path')
[6.068s] INFO:colcon.colcon_core.shell:Creating environment hook '/home/netorincon/ECN-1-2-Robot/ros2/install/ecn_project/share/ecn_project/hook/cmake_prefix_path.ps1'
[6.069s] INFO:colcon.colcon_core.shell:Creating environment descriptor '/home/netorincon/ECN-1-2-Robot/ros2/install/ecn_project/share/ecn_project/hook/cmake_prefix_path.dsv'
[6.069s] INFO:colcon.colcon_core.shell:Creating environment hook '/home/netorincon/ECN-1-2-Robot/ros2/install/ecn_project/share/ecn_project/hook/cmake_prefix_path.sh'
[6.069s] Level 1:colcon.colcon_core.environment:checking '/home/netorincon/ECN-1-2-Robot/ros2/install/ecn_project/lib'
[6.070s] Level 1:colcon.colcon_core.environment:checking '/home/netorincon/ECN-1-2-Robot/ros2/install/ecn_project/bin'
[6.070s] Level 1:colcon.colcon_core.environment:checking '/home/netorincon/ECN-1-2-Robot/ros2/install/ecn_project/lib/pkgconfig/ecn_project.pc'
[6.070s] Level 1:colcon.colcon_core.environment:checking '/home/netorincon/ECN-1-2-Robot/ros2/install/ecn_project/lib/python3.8/site-packages'
[6.070s] Level 1:colcon.colcon_core.environment:checking '/home/netorincon/ECN-1-2-Robot/ros2/install/ecn_project/bin'
[6.071s] INFO:colcon.colcon_core.shell:Creating package script '/home/netorincon/ECN-1-2-Robot/ros2/install/ecn_project/share/ecn_project/package.ps1'
[6.072s] INFO:colcon.colcon_core.shell:Creating package descriptor '/home/netorincon/ECN-1-2-Robot/ros2/install/ecn_project/share/ecn_project/package.dsv'
[6.072s] INFO:colcon.colcon_core.shell:Creating package script '/home/netorincon/ECN-1-2-Robot/ros2/install/ecn_project/share/ecn_project/package.sh'
[6.073s] INFO:colcon.colcon_core.shell:Creating package script '/home/netorincon/ECN-1-2-Robot/ros2/install/ecn_project/share/ecn_project/package.bash'
[6.073s] INFO:colcon.colcon_core.shell:Creating package script '/home/netorincon/ECN-1-2-Robot/ros2/install/ecn_project/share/ecn_project/package.zsh'
[6.074s] Level 1:colcon.colcon_core.environment:create_file_with_runtime_dependencies(/home/netorincon/ECN-1-2-Robot/ros2/install/ecn_project/share/colcon-core/packages/ecn_project)
[6.113s] Level 1:colcon.colcon_core.environment:create_environment_scripts_only(ecn_project)
[6.117s] Level 1:colcon.colcon_core.environment:checking '/home/netorincon/ECN-1-2-Robot/ros2/install/ecn_project' for CMake module files
[6.117s] Level 1:colcon.colcon_core.environment:checking '/home/netorincon/ECN-1-2-Robot/ros2/install/ecn_project' for CMake config files
[6.118s] Level 1:colcon.colcon_core.shell:create_environment_hook('ecn_project', 'cmake_prefix_path')
[6.121s] INFO:colcon.colcon_core.shell:Creating environment hook '/home/netorincon/ECN-1-2-Robot/ros2/install/ecn_project/share/ecn_project/hook/cmake_prefix_path.ps1'
[6.122s] INFO:colcon.colcon_core.shell:Creating environment descriptor '/home/netorincon/ECN-1-2-Robot/ros2/install/ecn_project/share/ecn_project/hook/cmake_prefix_path.dsv'
[6.122s] INFO:colcon.colcon_core.shell:Creating environment hook '/home/netorincon/ECN-1-2-Robot/ros2/install/ecn_project/share/ecn_project/hook/cmake_prefix_path.sh'
[6.123s] Level 1:colcon.colcon_core.environment:checking '/home/netorincon/ECN-1-2-Robot/ros2/install/ecn_project/lib'
[6.123s] Level 1:colcon.colcon_core.environment:checking '/home/netorincon/ECN-1-2-Robot/ros2/install/ecn_project/bin'
[6.123s] Level 1:colcon.colcon_core.environment:checking '/home/netorincon/ECN-1-2-Robot/ros2/install/ecn_project/lib/pkgconfig/ecn_project.pc'
[6.123s] Level 1:colcon.colcon_core.environment:checking '/home/netorincon/ECN-1-2-Robot/ros2/install/ecn_project/lib/python3.8/site-packages'
[6.123s] Level 1:colcon.colcon_core.environment:checking '/home/netorincon/ECN-1-2-Robot/ros2/install/ecn_project/bin'
[6.124s] INFO:colcon.colcon_core.shell:Creating package script '/home/netorincon/ECN-1-2-Robot/ros2/install/ecn_project/share/ecn_project/package.ps1'
[6.125s] INFO:colcon.colcon_core.shell:Creating package descriptor '/home/netorincon/ECN-1-2-Robot/ros2/install/ecn_project/share/ecn_project/package.dsv'
[6.125s] INFO:colcon.colcon_core.shell:Creating package script '/home/netorincon/ECN-1-2-Robot/ros2/install/ecn_project/share/ecn_project/package.sh'
[6.125s] INFO:colcon.colcon_core.shell:Creating package script '/home/netorincon/ECN-1-2-Robot/ros2/install/ecn_project/share/ecn_project/package.bash'
[6.125s] INFO:colcon.colcon_core.shell:Creating package script '/home/netorincon/ECN-1-2-Robot/ros2/install/ecn_project/share/ecn_project/package.zsh'
[6.126s] Level 1:colcon.colcon_core.environment:create_file_with_runtime_dependencies(/home/netorincon/ECN-1-2-Robot/ros2/install/ecn_project/share/colcon-core/packages/ecn_project)
[6.126s] DEBUG:colcon.colcon_parallel_executor.executor.parallel:closing loop
[6.126s] DEBUG:colcon.colcon_parallel_executor.executor.parallel:loop closed
[6.126s] DEBUG:colcon.colcon_parallel_executor.executor.parallel:run_until_complete finished with '0'
[6.126s] DEBUG:colcon.colcon_core.event_reactor:joining thread
[6.135s] INFO:colcon.colcon_core.plugin_system:Skipping extension 'colcon_notification.desktop_notification.terminal_notifier': Not used on non-Darwin systems
[6.135s] INFO:colcon.colcon_core.plugin_system:Skipping extension 'colcon_notification.desktop_notification.win32': Not used on non-Windows systems
[6.135s] INFO:colcon.colcon_notification.desktop_notification:Sending desktop notification using 'notify2'
[6.169s] DEBUG:colcon.colcon_core.event_reactor:joined thread
[6.173s] INFO:colcon.colcon_core.shell:Creating prefix script '/home/netorincon/ECN-1-2-Robot/ros2/install/local_setup.ps1'
[6.174s] INFO:colcon.colcon_core.shell:Creating prefix util module '/home/netorincon/ECN-1-2-Robot/ros2/install/_local_setup_util_ps1.py'
[6.176s] INFO:colcon.colcon_core.shell:Creating prefix chain script '/home/netorincon/ECN-1-2-Robot/ros2/install/setup.ps1'
[6.179s] INFO:colcon.colcon_core.shell:Creating prefix script '/home/netorincon/ECN-1-2-Robot/ros2/install/local_setup.sh'
[6.179s] INFO:colcon.colcon_core.shell:Creating prefix util module '/home/netorincon/ECN-1-2-Robot/ros2/install/_local_setup_util_sh.py'
[6.179s] INFO:colcon.colcon_core.shell:Creating prefix chain script '/home/netorincon/ECN-1-2-Robot/ros2/install/setup.sh'
[6.181s] INFO:colcon.colcon_core.shell:Creating prefix script '/home/netorincon/ECN-1-2-Robot/ros2/install/local_setup.bash'
[6.181s] INFO:colcon.colcon_core.shell:Creating prefix chain script '/home/netorincon/ECN-1-2-Robot/ros2/install/setup.bash'
[6.182s] INFO:colcon.colcon_core.shell:Creating prefix script '/home/netorincon/ECN-1-2-Robot/ros2/install/local_setup.zsh'
[6.183s] INFO:colcon.colcon_core.shell:Creating prefix chain script '/home/netorincon/ECN-1-2-Robot/ros2/install/setup.zsh'
