Symlinking /home/netorincon/ECN-2-1-Robot/ros/devel/lib/libdynamixel_sdk.so
Symlinking /home/netorincon/ECN-2-1-Robot/ros/devel/lib/pkgconfig/dynamixel_sdk.pc
Symlinking /home/netorincon/ECN-2-1-Robot/ros/devel/lib/python3/dist-packages/dynamixel_sdk/__init__.py
Symlinking /home/netorincon/ECN-2-1-Robot/ros/devel/lib/dynamixel_sdk/protocol2_packet_handler.py
Symlinking /home/netorincon/ECN-2-1-Robot/ros/devel/lib/dynamixel_sdk/group_bulk_read.py
Symlinking /home/netorincon/ECN-2-1-Robot/ros/devel/lib/dynamixel_sdk/packet_handler.py
Symlinking /home/netorincon/ECN-2-1-Robot/ros/devel/lib/dynamixel_sdk/robotis_def.py
Symlinking /home/netorincon/ECN-2-1-Robot/ros/devel/lib/dynamixel_sdk/group_bulk_write.py
Symlinking /home/netorincon/ECN-2-1-Robot/ros/devel/lib/dynamixel_sdk/cmake.lock
Symlinking /home/netorincon/ECN-2-1-Robot/ros/devel/lib/dynamixel_sdk/group_sync_read.py
Symlinking /home/netorincon/ECN-2-1-Robot/ros/devel/lib/dynamixel_sdk/port_handler.py
Symlinking /home/netorincon/ECN-2-1-Robot/ros/devel/lib/dynamixel_sdk/group_sync_write.py
Symlinking /home/netorincon/ECN-2-1-Robot/ros/devel/lib/dynamixel_sdk/protocol1_packet_handler.py
Symlinking /home/netorincon/ECN-2-1-Robot/ros/devel/share/dynamixel_sdk/cmake/dynamixel_sdkConfig-version.cmake
Symlinking /home/netorincon/ECN-2-1-Robot/ros/devel/share/dynamixel_sdk/cmake/dynamixel_sdkConfig.cmake
Cleaning: (/home/turtle/ECN-2-1-Robot/ros/devel/.private/dynamixel_sdk/cmake.lock, /home/turtle/ECN-2-1-Robot/ros/devel/./cmake.lock)
Cleaning: (/home/turtle/ECN-2-1-Robot/ros/devel/.private/dynamixel_sdk/lib/libdynamixel_sdk.so, /home/turtle/ECN-2-1-Robot/ros/devel/lib/libdynamixel_sdk.so)
Cleaning: (/home/turtle/ECN-2-1-Robot/ros/devel/.private/dynamixel_sdk/lib/pkgconfig/dynamixel_sdk.pc, /home/turtle/ECN-2-1-Robot/ros/devel/lib/pkgconfig/dynamixel_sdk.pc)
Cleaning: (/home/turtle/ECN-2-1-Robot/ros/devel/.private/dynamixel_sdk/lib/python3/dist-packages/dynamixel_sdk/__init__.py, /home/turtle/ECN-2-1-Robot/ros/devel/lib/python3/dist-packages/dynamixel_sdk/__init__.py)
Cleaning: (/home/turtle/ECN-2-1-Robot/ros/devel/.private/dynamixel_sdk/lib/dynamixel_sdk/cmake.lock, /home/turtle/ECN-2-1-Robot/ros/devel/lib/dynamixel_sdk/cmake.lock)
Cleaning: (/home/turtle/ECN-2-1-Robot/ros/devel/.private/dynamixel_sdk/lib/dynamixel_sdk/packet_handler.py, /home/turtle/ECN-2-1-Robot/ros/devel/lib/dynamixel_sdk/packet_handler.py)
Cleaning: (/home/turtle/ECN-2-1-Robot/ros/devel/.private/dynamixel_sdk/lib/dynamixel_sdk/group_sync_read.py, /home/turtle/ECN-2-1-Robot/ros/devel/lib/dynamixel_sdk/group_sync_read.py)
Cleaning: (/home/turtle/ECN-2-1-Robot/ros/devel/.private/dynamixel_sdk/lib/dynamixel_sdk/port_handler.py, /home/turtle/ECN-2-1-Robot/ros/devel/lib/dynamixel_sdk/port_handler.py)
Cleaning: (/home/turtle/ECN-2-1-Robot/ros/devel/.private/dynamixel_sdk/lib/dynamixel_sdk/robotis_def.py, /home/turtle/ECN-2-1-Robot/ros/devel/lib/dynamixel_sdk/robotis_def.py)
Cleaning: (/home/turtle/ECN-2-1-Robot/ros/devel/.private/dynamixel_sdk/lib/dynamixel_sdk/group_sync_write.py, /home/turtle/ECN-2-1-Robot/ros/devel/lib/dynamixel_sdk/group_sync_write.py)
Cleaning: (/home/turtle/ECN-2-1-Robot/ros/devel/.private/dynamixel_sdk/lib/dynamixel_sdk/protocol2_packet_handler.py, /home/turtle/ECN-2-1-Robot/ros/devel/lib/dynamixel_sdk/protocol2_packet_handler.py)
Cleaning: (/home/turtle/ECN-2-1-Robot/ros/devel/.private/dynamixel_sdk/lib/dynamixel_sdk/protocol1_packet_handler.py, /home/turtle/ECN-2-1-Robot/ros/devel/lib/dynamixel_sdk/protocol1_packet_handler.py)
Cleaning: (/home/turtle/ECN-2-1-Robot/ros/devel/.private/dynamixel_sdk/lib/dynamixel_sdk/group_bulk_write.py, /home/turtle/ECN-2-1-Robot/ros/devel/lib/dynamixel_sdk/group_bulk_write.py)
Cleaning: (/home/turtle/ECN-2-1-Robot/ros/devel/.private/dynamixel_sdk/lib/dynamixel_sdk/group_bulk_read.py, /home/turtle/ECN-2-1-Robot/ros/devel/lib/dynamixel_sdk/group_bulk_read.py)
Cleaning: (/home/turtle/ECN-2-1-Robot/ros/devel/.private/dynamixel_sdk/share/dynamixel_sdk/cmake/dynamixel_sdkConfig.cmake, /home/turtle/ECN-2-1-Robot/ros/devel/share/dynamixel_sdk/cmake/dynamixel_sdkConfig.cmake)
Cleaning: (/home/turtle/ECN-2-1-Robot/ros/devel/.private/dynamixel_sdk/share/dynamixel_sdk/cmake/dynamixel_sdkConfig-version.cmake, /home/turtle/ECN-2-1-Robot/ros/devel/share/dynamixel_sdk/cmake/dynamixel_sdkConfig-version.cmake)
Unlinking: /home/turtle/ECN-2-1-Robot/ros/devel/lib/libdynamixel_sdk.so
Already unlinked: {}
Unlinking: /home/turtle/ECN-2-1-Robot/ros/devel/lib/pkgconfig/dynamixel_sdk.pc
Already unlinked: {}
Unlinking: /home/turtle/ECN-2-1-Robot/ros/devel/lib/python3/dist-packages/dynamixel_sdk/__init__.py
Already unlinked: {}
Unlinking: /home/turtle/ECN-2-1-Robot/ros/devel/lib/dynamixel_sdk/cmake.lock
Already unlinked: {}
Unlinking: /home/turtle/ECN-2-1-Robot/ros/devel/lib/dynamixel_sdk/packet_handler.py
Already unlinked: {}
Unlinking: /home/turtle/ECN-2-1-Robot/ros/devel/lib/dynamixel_sdk/group_sync_read.py
Already unlinked: {}
Unlinking: /home/turtle/ECN-2-1-Robot/ros/devel/lib/dynamixel_sdk/port_handler.py
Already unlinked: {}
Unlinking: /home/turtle/ECN-2-1-Robot/ros/devel/lib/dynamixel_sdk/robotis_def.py
Already unlinked: {}
Unlinking: /home/turtle/ECN-2-1-Robot/ros/devel/lib/dynamixel_sdk/group_sync_write.py
Already unlinked: {}
Unlinking: /home/turtle/ECN-2-1-Robot/ros/devel/lib/dynamixel_sdk/protocol2_packet_handler.py
Already unlinked: {}
Unlinking: /home/turtle/ECN-2-1-Robot/ros/devel/lib/dynamixel_sdk/protocol1_packet_handler.py
Already unlinked: {}
Unlinking: /home/turtle/ECN-2-1-Robot/ros/devel/lib/dynamixel_sdk/group_bulk_write.py
Already unlinked: {}
Unlinking: /home/turtle/ECN-2-1-Robot/ros/devel/lib/dynamixel_sdk/group_bulk_read.py
Already unlinked: {}
Unlinking: /home/turtle/ECN-2-1-Robot/ros/devel/share/dynamixel_sdk/cmake/dynamixel_sdkConfig.cmake
Already unlinked: {}
Unlinking: /home/turtle/ECN-2-1-Robot/ros/devel/share/dynamixel_sdk/cmake/dynamixel_sdkConfig-version.cmake
Already unlinked: {}
