-- Found ament_cmake: 0.9.11 (/opt/ros/foxy/share/ament_cmake/cmake)
-- Using PYTHON_EXECUTABLE: /usr/bin/python3
-- Override CMake install command with custom implementation using symlinks instead of copying resources
-- Found rclcpp: 2.4.2 (/opt/ros/foxy/share/rclcpp/cmake)
-- Using all available rosidl_typesupport_c: rosidl_typesupport_fastrtps_c;rosidl_typesupport_introspection_c
-- Found rosidl_adapter: 1.3.0 (/opt/ros/foxy/share/rosidl_adapter/cmake)
-- Using all available rosidl_typesupport_cpp: rosidl_typesupport_fastrtps_cpp;rosidl_typesupport_introspection_cpp
-- Found rmw_implementation_cmake: 1.0.4 (/opt/ros/foxy/share/rmw_implementation_cmake/cmake)
-- Using RMW implementation 'rmw_fastrtps_cpp' as default
-- Found sensor_msgs: 2.0.5 (/opt/ros/foxy/share/sensor_msgs/cmake)
-- Found tf2_ros: 0.13.14 (/opt/ros/foxy/share/tf2_ros/cmake)
-- Found ament_lint_auto: 0.9.8 (/opt/ros/foxy/share/ament_lint_auto/cmake)
-- Added test 'copyright' to check source files copyright and LICENSE
-- Added test 'cppcheck' to perform static code analysis on C / C++ code
-- Configured cppcheck include dirs: 
-- Configured cppcheck exclude dirs and/or files: 
-- Added test 'cpplint' to check C / C++ code against the Google style
-- Configured cpplint exclude dirs and/or files: 
-- Added test 'flake8' to check Python code syntax and style conventions
-- Added test 'lint_cmake' to check CMake code style
-- Added test 'pep257' to check Python code against some of the style conventions in PEP 257
-- Added test 'uncrustify' to check C / C++ code style
-- Configured uncrustify additional arguments: 
-- Added test 'xmllint' to check XML markup files
-- Configuring done
-- Generating done
-- Build files have been written to: /home/netorincon/ECN-1-2-Robot/ros2/build/ecn_project
[35m[1mScanning dependencies of target transform_broadcaster[0m
[35m[1mScanning dependencies of target driver[0m
[ 25%] [32mBuilding CXX object CMakeFiles/driver.dir/src/driver.cpp.o[0m
[ 50%] [32mBuilding CXX object CMakeFiles/transform_broadcaster.dir/src/transform_broadcaster.cpp.o[0m
[ 75%] [32m[1mLinking CXX executable driver[0m
[100%] [32m[1mLinking CXX executable transform_broadcaster[0m
[100%] Built target driver
[100%] Built target transform_broadcaster
-- Install configuration: ""
-- Execute custom install script
-- Up-to-date symlink: /home/netorincon/ECN-1-2-Robot/ros2/install/ecn_project/lib/ecn_project/driver
-- Up-to-date symlink: /home/netorincon/ECN-1-2-Robot/ros2/install/ecn_project/lib/ecn_project/transform_broadcaster
-- Up-to-date symlink: /home/netorincon/ECN-1-2-Robot/ros2/install/ecn_project/share/ecn_project/config/Twist.yaml
-- Up-to-date symlink: /home/netorincon/ECN-1-2-Robot/ros2/install/ecn_project/share/ecn_project/config/my_controllers.yaml
-- Up-to-date symlink: /home/netorincon/ECN-1-2-Robot/ros2/install/ecn_project/share/ecn_project/config/robot_core.urdf
-- Up-to-date symlink: /home/netorincon/ECN-1-2-Robot/ros2/install/ecn_project/share/ecn_project/config/rviz_config.rviz
-- Up-to-date symlink: /home/netorincon/ECN-1-2-Robot/ros2/install/ecn_project/share/ecn_project/description/gazebo_control.xacro
-- Up-to-date symlink: /home/netorincon/ECN-1-2-Robot/ros2/install/ecn_project/share/ecn_project/description/inertial_macros.xacro
-- Up-to-date symlink: /home/netorincon/ECN-1-2-Robot/ros2/install/ecn_project/share/ecn_project/description/robot.urdf.xacro
-- Up-to-date symlink: /home/netorincon/ECN-1-2-Robot/ros2/install/ecn_project/share/ecn_project/description/robot_core.xacro
-- Up-to-date symlink: /home/netorincon/ECN-1-2-Robot/ros2/install/ecn_project/share/ecn_project/description/ros2_control.xacro
-- Up-to-date symlink: /home/netorincon/ECN-1-2-Robot/ros2/install/ecn_project/share/ecn_project/launch/Twist.yaml
-- Up-to-date symlink: /home/netorincon/ECN-1-2-Robot/ros2/install/ecn_project/share/ecn_project/launch/display.launch.py
-- Up-to-date symlink: /home/netorincon/ECN-1-2-Robot/ros2/install/ecn_project/share/ament_index/resource_index/package_run_dependencies/ecn_project
-- Up-to-date symlink: /home/netorincon/ECN-1-2-Robot/ros2/install/ecn_project/share/ament_index/resource_index/parent_prefix_path/ecn_project
-- Up-to-date symlink: /home/netorincon/ECN-1-2-Robot/ros2/install/ecn_project/share/ecn_project/environment/ament_prefix_path.sh
-- Up-to-date symlink: /home/netorincon/ECN-1-2-Robot/ros2/install/ecn_project/share/ecn_project/environment/ament_prefix_path.dsv
-- Up-to-date symlink: /home/netorincon/ECN-1-2-Robot/ros2/install/ecn_project/share/ecn_project/environment/path.sh
-- Up-to-date symlink: /home/netorincon/ECN-1-2-Robot/ros2/install/ecn_project/share/ecn_project/environment/path.dsv
-- Up-to-date symlink: /home/netorincon/ECN-1-2-Robot/ros2/install/ecn_project/share/ecn_project/local_setup.bash
-- Up-to-date symlink: /home/netorincon/ECN-1-2-Robot/ros2/install/ecn_project/share/ecn_project/local_setup.sh
-- Up-to-date symlink: /home/netorincon/ECN-1-2-Robot/ros2/install/ecn_project/share/ecn_project/local_setup.zsh
-- Up-to-date symlink: /home/netorincon/ECN-1-2-Robot/ros2/install/ecn_project/share/ecn_project/local_setup.dsv
-- Symlinking: /home/netorincon/ECN-1-2-Robot/ros2/install/ecn_project/share/ecn_project/package.dsv
-- Up-to-date symlink: /home/netorincon/ECN-1-2-Robot/ros2/install/ecn_project/share/ament_index/resource_index/packages/ecn_project
-- Up-to-date symlink: /home/netorincon/ECN-1-2-Robot/ros2/install/ecn_project/share/ecn_project/cmake/ecn_projectConfig.cmake
-- Up-to-date symlink: /home/netorincon/ECN-1-2-Robot/ros2/install/ecn_project/share/ecn_project/cmake/ecn_projectConfig-version.cmake
-- Up-to-date symlink: /home/netorincon/ECN-1-2-Robot/ros2/install/ecn_project/share/ecn_project/package.xml
