[0.028s] Invoking command in '/home/netorincon/ECN-1-2-Robot/ros2/build/ecn_project': CMAKE_PREFIX_PATH=/opt/ros/foxy PS1=\[\e[38;5;166m\][ROS2\[\e[38;5;166m\]]\[\e[0m\] \e[1;34m\w\e[0m$ PS1_ori=\e[1;34m\w\e[0m$ /usr/bin/cmake --build /home/netorincon/ECN-1-2-Robot/ros2/build/ecn_project -- -j16 -l16
[0.062s] -- Found ament_cmake: 0.9.11 (/opt/ros/foxy/share/ament_cmake/cmake)
[0.090s] -- Using PYTHON_EXECUTABLE: /usr/bin/python3
[0.220s] -- Override CMake install command with custom implementation using symlinks instead of copying resources
[0.234s] -- Found rclcpp: 2.4.2 (/opt/ros/foxy/share/rclcpp/cmake)
[0.261s] -- Using all available rosidl_typesupport_c: rosidl_typesupport_fastrtps_c;rosidl_typesupport_introspection_c
[0.263s] -- Found rosidl_adapter: 1.3.0 (/opt/ros/foxy/share/rosidl_adapter/cmake)
[0.365s] -- Using all available rosidl_typesupport_cpp: rosidl_typesupport_fastrtps_cpp;rosidl_typesupport_introspection_cpp
[0.417s] -- Found rmw_implementation_cmake: 1.0.4 (/opt/ros/foxy/share/rmw_implementation_cmake/cmake)
[0.419s] -- Using RMW implementation 'rmw_fastrtps_cpp' as default
[0.557s] -- Found sensor_msgs: 2.0.5 (/opt/ros/foxy/share/sensor_msgs/cmake)
[0.658s] -- Found tf2_ros: 0.13.14 (/opt/ros/foxy/share/tf2_ros/cmake)
[0.941s] -- Found ament_lint_auto: 0.9.8 (/opt/ros/foxy/share/ament_lint_auto/cmake)
[1.003s] -- Added test 'copyright' to check source files copyright and LICENSE
[1.003s] -- Added test 'cppcheck' to perform static code analysis on C / C++ code
[1.004s] -- Configured cppcheck include dirs: 
[1.004s] -- Configured cppcheck exclude dirs and/or files: 
[1.004s] -- Added test 'cpplint' to check C / C++ code against the Google style
[1.004s] -- Configured cpplint exclude dirs and/or files: 
[1.004s] -- Added test 'flake8' to check Python code syntax and style conventions
[1.005s] -- Added test 'lint_cmake' to check CMake code style
[1.005s] -- Added test 'pep257' to check Python code against some of the style conventions in PEP 257
[1.006s] -- Added test 'uncrustify' to check C / C++ code style
[1.006s] -- Configured uncrustify additional arguments: 
[1.006s] -- Added test 'xmllint' to check XML markup files
[1.008s] -- Configuring done
[1.020s] -- Generating done
[1.021s] -- Build files have been written to: /home/netorincon/ECN-1-2-Robot/ros2/build/ecn_project
[1.055s] [35m[1mScanning dependencies of target transform_broadcaster[0m
[1.055s] [35m[1mScanning dependencies of target driver[0m
[1.080s] [ 25%] [32mBuilding CXX object CMakeFiles/driver.dir/src/driver.cpp.o[0m
[1.084s] [ 50%] [32mBuilding CXX object CMakeFiles/transform_broadcaster.dir/src/transform_broadcaster.cpp.o[0m
[5.346s] [ 75%] [32m[1mLinking CXX executable driver[0m
[5.371s] [100%] [32m[1mLinking CXX executable transform_broadcaster[0m
[5.612s] [100%] Built target driver
[5.651s] [100%] Built target transform_broadcaster
[5.661s] Invoked command in '/home/netorincon/ECN-1-2-Robot/ros2/build/ecn_project' returned '0': CMAKE_PREFIX_PATH=/opt/ros/foxy PS1=\[\e[38;5;166m\][ROS2\[\e[38;5;166m\]]\[\e[0m\] \e[1;34m\w\e[0m$ PS1_ori=\e[1;34m\w\e[0m$ /usr/bin/cmake --build /home/netorincon/ECN-1-2-Robot/ros2/build/ecn_project -- -j16 -l16
[5.705s] Invoking command in '/home/netorincon/ECN-1-2-Robot/ros2/build/ecn_project': CMAKE_PREFIX_PATH=/opt/ros/foxy PS1=\[\e[38;5;166m\][ROS2\[\e[38;5;166m\]]\[\e[0m\] \e[1;34m\w\e[0m$ PS1_ori=\e[1;34m\w\e[0m$ /usr/bin/cmake --install /home/netorincon/ECN-1-2-Robot/ros2/build/ecn_project
[5.718s] -- Install configuration: ""
[5.718s] -- Execute custom install script
[5.719s] -- Up-to-date symlink: /home/netorincon/ECN-1-2-Robot/ros2/install/ecn_project/lib/ecn_project/driver
[5.719s] -- Up-to-date symlink: /home/netorincon/ECN-1-2-Robot/ros2/install/ecn_project/lib/ecn_project/transform_broadcaster
[5.719s] -- Up-to-date symlink: /home/netorincon/ECN-1-2-Robot/ros2/install/ecn_project/share/ecn_project/config/Twist.yaml
[5.720s] -- Up-to-date symlink: /home/netorincon/ECN-1-2-Robot/ros2/install/ecn_project/share/ecn_project/config/my_controllers.yaml
[5.720s] -- Up-to-date symlink: /home/netorincon/ECN-1-2-Robot/ros2/install/ecn_project/share/ecn_project/config/robot_core.urdf
[5.720s] -- Up-to-date symlink: /home/netorincon/ECN-1-2-Robot/ros2/install/ecn_project/share/ecn_project/config/rviz_config.rviz
[5.720s] -- Up-to-date symlink: /home/netorincon/ECN-1-2-Robot/ros2/install/ecn_project/share/ecn_project/description/gazebo_control.xacro
[5.720s] -- Up-to-date symlink: /home/netorincon/ECN-1-2-Robot/ros2/install/ecn_project/share/ecn_project/description/inertial_macros.xacro
[5.720s] -- Up-to-date symlink: /home/netorincon/ECN-1-2-Robot/ros2/install/ecn_project/share/ecn_project/description/robot.urdf.xacro
[5.720s] -- Up-to-date symlink: /home/netorincon/ECN-1-2-Robot/ros2/install/ecn_project/share/ecn_project/description/robot_core.xacro
[5.721s] -- Up-to-date symlink: /home/netorincon/ECN-1-2-Robot/ros2/install/ecn_project/share/ecn_project/description/ros2_control.xacro
[5.721s] -- Up-to-date symlink: /home/netorincon/ECN-1-2-Robot/ros2/install/ecn_project/share/ecn_project/launch/Twist.yaml
[5.721s] -- Up-to-date symlink: /home/netorincon/ECN-1-2-Robot/ros2/install/ecn_project/share/ecn_project/launch/display.launch.py
[5.721s] -- Up-to-date symlink: /home/netorincon/ECN-1-2-Robot/ros2/install/ecn_project/share/ament_index/resource_index/package_run_dependencies/ecn_project
[5.721s] -- Up-to-date symlink: /home/netorincon/ECN-1-2-Robot/ros2/install/ecn_project/share/ament_index/resource_index/parent_prefix_path/ecn_project
[5.721s] -- Up-to-date symlink: /home/netorincon/ECN-1-2-Robot/ros2/install/ecn_project/share/ecn_project/environment/ament_prefix_path.sh
[5.722s] -- Up-to-date symlink: /home/netorincon/ECN-1-2-Robot/ros2/install/ecn_project/share/ecn_project/environment/ament_prefix_path.dsv
[5.722s] -- Up-to-date symlink: /home/netorincon/ECN-1-2-Robot/ros2/install/ecn_project/share/ecn_project/environment/path.sh
[5.722s] -- Up-to-date symlink: /home/netorincon/ECN-1-2-Robot/ros2/install/ecn_project/share/ecn_project/environment/path.dsv
[5.722s] -- Up-to-date symlink: /home/netorincon/ECN-1-2-Robot/ros2/install/ecn_project/share/ecn_project/local_setup.bash
[5.722s] -- Up-to-date symlink: /home/netorincon/ECN-1-2-Robot/ros2/install/ecn_project/share/ecn_project/local_setup.sh
[5.722s] -- Up-to-date symlink: /home/netorincon/ECN-1-2-Robot/ros2/install/ecn_project/share/ecn_project/local_setup.zsh
[5.723s] -- Up-to-date symlink: /home/netorincon/ECN-1-2-Robot/ros2/install/ecn_project/share/ecn_project/local_setup.dsv
[5.723s] -- Symlinking: /home/netorincon/ECN-1-2-Robot/ros2/install/ecn_project/share/ecn_project/package.dsv
[5.737s] -- Up-to-date symlink: /home/netorincon/ECN-1-2-Robot/ros2/install/ecn_project/share/ament_index/resource_index/packages/ecn_project
[5.737s] -- Up-to-date symlink: /home/netorincon/ECN-1-2-Robot/ros2/install/ecn_project/share/ecn_project/cmake/ecn_projectConfig.cmake
[5.737s] -- Up-to-date symlink: /home/netorincon/ECN-1-2-Robot/ros2/install/ecn_project/share/ecn_project/cmake/ecn_projectConfig-version.cmake
[5.738s] -- Up-to-date symlink: /home/netorincon/ECN-1-2-Robot/ros2/install/ecn_project/share/ecn_project/package.xml
[5.741s] Invoked command in '/home/netorincon/ECN-1-2-Robot/ros2/build/ecn_project' returned '0': CMAKE_PREFIX_PATH=/opt/ros/foxy PS1=\[\e[38;5;166m\][ROS2\[\e[38;5;166m\]]\[\e[0m\] \e[1;34m\w\e[0m$ PS1_ori=\e[1;34m\w\e[0m$ /usr/bin/cmake --install /home/netorincon/ECN-1-2-Robot/ros2/build/ecn_project
