[0.027s] Invoking command in '/home/netorincon/ECN-1-2-Robot/ros2/build/mobile_robot': CMAKE_PREFIX_PATH=/opt/ros/foxy PS1=\[\e[38;5;166m\][ROS2\[\e[38;5;166m\]]\[\e[0m\] \e[1;34m\w\e[0m$ PS1_ori=\e[1;34m\w\e[0m$ /usr/bin/cmake /home/netorincon/ECN-1-2-Robot/ros2/src/1-2-robot -DAMENT_CMAKE_SYMLINK_INSTALL=1 -DCMAKE_INSTALL_PREFIX=/home/netorincon/ECN-1-2-Robot/ros2/install/mobile_robot
[0.095s] -- The C compiler identification is GNU 9.4.0
[0.167s] -- The CXX compiler identification is GNU 9.4.0
[0.174s] -- Check for working C compiler: /usr/bin/cc
[0.260s] -- Check for working C compiler: /usr/bin/cc -- works
[0.262s] -- Detecting C compiler ABI info
[0.366s] -- Detecting C compiler ABI info - done
[0.375s] -- Detecting C compile features
[0.375s] -- Detecting C compile features - done
[0.377s] -- Check for working CXX compiler: /usr/bin/c++
[0.461s] -- Check for working CXX compiler: /usr/bin/c++ -- works
[0.463s] -- Detecting CXX compiler ABI info
[0.573s] -- Detecting CXX compiler ABI info - done
[0.587s] -- Detecting CXX compile features
[0.588s] -- Detecting CXX compile features - done
[0.589s] -- Found ament_cmake: 0.9.11 (/opt/ros/foxy/share/ament_cmake/cmake)
[0.612s] -- Found PythonInterp: /usr/bin/python3 (found suitable version "3.8.10", minimum required is "3") 
[0.612s] -- Using PYTHON_EXECUTABLE: /usr/bin/python3
[0.740s] -- Override CMake install command with custom implementation using symlinks instead of copying resources
[0.762s] -- Found rclcpp: 2.4.2 (/opt/ros/foxy/share/rclcpp/cmake)
[0.797s] -- Using all available rosidl_typesupport_c: rosidl_typesupport_fastrtps_c;rosidl_typesupport_introspection_c
[0.802s] -- Found rosidl_adapter: 1.3.0 (/opt/ros/foxy/share/rosidl_adapter/cmake)
[0.878s] -- Found OpenSSL: /usr/lib/x86_64-linux-gnu/libcrypto.so (found version "1.1.1f")  
[0.901s] -- Found FastRTPS: /opt/ros/foxy/include  
[0.983s] -- Using all available rosidl_typesupport_cpp: rosidl_typesupport_fastrtps_cpp;rosidl_typesupport_introspection_cpp
[1.025s] -- Found rmw_implementation_cmake: 1.0.4 (/opt/ros/foxy/share/rmw_implementation_cmake/cmake)
[1.026s] -- Using RMW implementation 'rmw_fastrtps_cpp' as default
[1.027s] -- Looking for pthread.h
[1.121s] -- Looking for pthread.h - found
[1.121s] -- Performing Test CMAKE_HAVE_LIBC_PTHREAD
[1.210s] -- Performing Test CMAKE_HAVE_LIBC_PTHREAD - Failed
[1.210s] -- Looking for pthread_create in pthreads
[1.277s] -- Looking for pthread_create in pthreads - not found
[1.277s] -- Looking for pthread_create in pthread
[1.358s] -- Looking for pthread_create in pthread - found
[1.360s] -- Found Threads: TRUE  
[1.488s] -- Found sensor_msgs: 2.0.5 (/opt/ros/foxy/share/sensor_msgs/cmake)
[1.591s] -- Found tf2_ros: 0.13.14 (/opt/ros/foxy/share/tf2_ros/cmake)
[1.873s] -- Found ament_lint_auto: 0.9.8 (/opt/ros/foxy/share/ament_lint_auto/cmake)
[1.937s] -- Added test 'copyright' to check source files copyright and LICENSE
[1.938s] -- Added test 'cppcheck' to perform static code analysis on C / C++ code
[1.938s] -- Configured cppcheck include dirs: 
[1.938s] -- Configured cppcheck exclude dirs and/or files: 
[1.939s] -- Added test 'cpplint' to check C / C++ code against the Google style
[1.939s] -- Configured cpplint exclude dirs and/or files: 
[1.939s] -- Added test 'flake8' to check Python code syntax and style conventions
[1.940s] -- Added test 'lint_cmake' to check CMake code style
[1.940s] -- Added test 'pep257' to check Python code against some of the style conventions in PEP 257
[1.941s] -- Added test 'uncrustify' to check C / C++ code style
[1.941s] -- Configured uncrustify additional arguments: 
[1.941s] -- Added test 'xmllint' to check XML markup files
[1.944s] -- Configuring done
[1.956s] -- Generating done
[1.957s] -- Build files have been written to: /home/netorincon/ECN-1-2-Robot/ros2/build/mobile_robot
[1.966s] Invoked command in '/home/netorincon/ECN-1-2-Robot/ros2/build/mobile_robot' returned '0': CMAKE_PREFIX_PATH=/opt/ros/foxy PS1=\[\e[38;5;166m\][ROS2\[\e[38;5;166m\]]\[\e[0m\] \e[1;34m\w\e[0m$ PS1_ori=\e[1;34m\w\e[0m$ /usr/bin/cmake /home/netorincon/ECN-1-2-Robot/ros2/src/1-2-robot -DAMENT_CMAKE_SYMLINK_INSTALL=1 -DCMAKE_INSTALL_PREFIX=/home/netorincon/ECN-1-2-Robot/ros2/install/mobile_robot
[1.967s] Invoking command in '/home/netorincon/ECN-1-2-Robot/ros2/build/mobile_robot': CMAKE_PREFIX_PATH=/opt/ros/foxy PS1=\[\e[38;5;166m\][ROS2\[\e[38;5;166m\]]\[\e[0m\] \e[1;34m\w\e[0m$ PS1_ori=\e[1;34m\w\e[0m$ /usr/bin/cmake --build /home/netorincon/ECN-1-2-Robot/ros2/build/mobile_robot -- -j16 -l16
[2.018s] [35m[1mScanning dependencies of target transform_broadcaster[0m
[2.020s] [35m[1mScanning dependencies of target driver[0m
[2.052s] [ 25%] [32mBuilding CXX object CMakeFiles/transform_broadcaster.dir/src/transform_broadcaster.cpp.o[0m
[2.060s] [ 50%] [32mBuilding CXX object CMakeFiles/driver.dir/src/driver.cpp.o[0m
[6.274s] [ 75%] [32m[1mLinking CXX executable driver[0m
[6.284s] [100%] [32m[1mLinking CXX executable transform_broadcaster[0m
[6.513s] [100%] Built target driver
[6.559s] [100%] Built target transform_broadcaster
[6.574s] Invoked command in '/home/netorincon/ECN-1-2-Robot/ros2/build/mobile_robot' returned '0': CMAKE_PREFIX_PATH=/opt/ros/foxy PS1=\[\e[38;5;166m\][ROS2\[\e[38;5;166m\]]\[\e[0m\] \e[1;34m\w\e[0m$ PS1_ori=\e[1;34m\w\e[0m$ /usr/bin/cmake --build /home/netorincon/ECN-1-2-Robot/ros2/build/mobile_robot -- -j16 -l16
[6.633s] Invoking command in '/home/netorincon/ECN-1-2-Robot/ros2/build/mobile_robot': CMAKE_PREFIX_PATH=/opt/ros/foxy PS1=\[\e[38;5;166m\][ROS2\[\e[38;5;166m\]]\[\e[0m\] \e[1;34m\w\e[0m$ PS1_ori=\e[1;34m\w\e[0m$ /usr/bin/cmake --install /home/netorincon/ECN-1-2-Robot/ros2/build/mobile_robot
[6.639s] -- Install configuration: ""
[6.639s] -- Execute custom install script
[6.640s] -- Symlinking: /home/netorincon/ECN-1-2-Robot/ros2/install/mobile_robot/lib/mobile_robot/driver
[6.648s] -- Symlinking: /home/netorincon/ECN-1-2-Robot/ros2/install/mobile_robot/lib/mobile_robot/transform_broadcaster
[6.663s] -- Symlinking: /home/netorincon/ECN-1-2-Robot/ros2/install/mobile_robot/share/mobile_robot/config/Twist.yaml
[6.678s] -- Symlinking: /home/netorincon/ECN-1-2-Robot/ros2/install/mobile_robot/share/mobile_robot/config/my_controllers.yaml
[6.693s] -- Symlinking: /home/netorincon/ECN-1-2-Robot/ros2/install/mobile_robot/share/mobile_robot/config/robot_core.urdf
[6.704s] -- Symlinking: /home/netorincon/ECN-1-2-Robot/ros2/install/mobile_robot/share/mobile_robot/config/rviz_config.rviz
[6.712s] -- Symlinking: /home/netorincon/ECN-1-2-Robot/ros2/install/mobile_robot/share/mobile_robot/description/gazebo_control.xacro
[6.727s] -- Symlinking: /home/netorincon/ECN-1-2-Robot/ros2/install/mobile_robot/share/mobile_robot/description/inertial_macros.xacro
[6.735s] -- Symlinking: /home/netorincon/ECN-1-2-Robot/ros2/install/mobile_robot/share/mobile_robot/description/robot.urdf.xacro
[6.743s] -- Symlinking: /home/netorincon/ECN-1-2-Robot/ros2/install/mobile_robot/share/mobile_robot/description/robot_core.xacro
[6.754s] -- Symlinking: /home/netorincon/ECN-1-2-Robot/ros2/install/mobile_robot/share/mobile_robot/description/ros2_control.xacro
[6.769s] -- Symlinking: /home/netorincon/ECN-1-2-Robot/ros2/install/mobile_robot/share/mobile_robot/launch/Twist.yaml
[6.779s] -- Symlinking: /home/netorincon/ECN-1-2-Robot/ros2/install/mobile_robot/share/mobile_robot/launch/display.launch.py
[6.787s] -- Symlinking: /home/netorincon/ECN-1-2-Robot/ros2/install/mobile_robot/share/ament_index/resource_index/package_run_dependencies/mobile_robot
[6.795s] -- Symlinking: /home/netorincon/ECN-1-2-Robot/ros2/install/mobile_robot/share/ament_index/resource_index/parent_prefix_path/mobile_robot
[6.802s] -- Symlinking: /home/netorincon/ECN-1-2-Robot/ros2/install/mobile_robot/share/mobile_robot/environment/ament_prefix_path.sh
[6.815s] -- Symlinking: /home/netorincon/ECN-1-2-Robot/ros2/install/mobile_robot/share/mobile_robot/environment/ament_prefix_path.dsv
[6.825s] -- Symlinking: /home/netorincon/ECN-1-2-Robot/ros2/install/mobile_robot/share/mobile_robot/environment/path.sh
[6.832s] -- Symlinking: /home/netorincon/ECN-1-2-Robot/ros2/install/mobile_robot/share/mobile_robot/environment/path.dsv
[6.847s] -- Symlinking: /home/netorincon/ECN-1-2-Robot/ros2/install/mobile_robot/share/mobile_robot/local_setup.bash
[6.855s] -- Symlinking: /home/netorincon/ECN-1-2-Robot/ros2/install/mobile_robot/share/mobile_robot/local_setup.sh
[6.863s] -- Symlinking: /home/netorincon/ECN-1-2-Robot/ros2/install/mobile_robot/share/mobile_robot/local_setup.zsh
[6.870s] -- Symlinking: /home/netorincon/ECN-1-2-Robot/ros2/install/mobile_robot/share/mobile_robot/local_setup.dsv
[6.878s] -- Symlinking: /home/netorincon/ECN-1-2-Robot/ros2/install/mobile_robot/share/mobile_robot/package.dsv
[6.886s] -- Symlinking: /home/netorincon/ECN-1-2-Robot/ros2/install/mobile_robot/share/ament_index/resource_index/packages/mobile_robot
[6.894s] -- Symlinking: /home/netorincon/ECN-1-2-Robot/ros2/install/mobile_robot/share/mobile_robot/cmake/mobile_robotConfig.cmake
[6.902s] -- Symlinking: /home/netorincon/ECN-1-2-Robot/ros2/install/mobile_robot/share/mobile_robot/cmake/mobile_robotConfig-version.cmake
[6.909s] -- Symlinking: /home/netorincon/ECN-1-2-Robot/ros2/install/mobile_robot/share/mobile_robot/package.xml
[6.925s] Invoked command in '/home/netorincon/ECN-1-2-Robot/ros2/build/mobile_robot' returned '0': CMAKE_PREFIX_PATH=/opt/ros/foxy PS1=\[\e[38;5;166m\][ROS2\[\e[38;5;166m\]]\[\e[0m\] \e[1;34m\w\e[0m$ PS1_ori=\e[1;34m\w\e[0m$ /usr/bin/cmake --install /home/netorincon/ECN-1-2-Robot/ros2/build/mobile_robot
